13:48 INFO    : Waveform generator initiated with
  frequency_domain_source_model: bilby.gw.source.lal_binary_black_hole
  time_domain_source_model: None
  parameter_conversion: bilby.gw.conversion.convert_to_lal_binary_black_hole_parameters
13:48 INFO    : Waveform generator initiated with
  frequency_domain_source_model: bilby.gw.source.lal_binary_black_hole
  time_domain_source_model: None
  parameter_conversion: bilby.gw.conversion.convert_to_lal_binary_black_hole_parameters
13:48 INFO    : Injected signal in CE:
13:48 INFO    :   optimal SNR = 1947.12
13:48 INFO    :   matched filter SNR = 1947.12+0.00j
13:48 INFO    :   chirp_mass = 99.0777262918512
13:48 INFO    :   mass_1 = 120.0
13:48 INFO    :   mass_2 = 108.0
13:48 INFO    :   chi_1 = 0.0
13:48 INFO    :   chi_2 = 0.0
13:48 INFO    :   luminosity_distance = 1011.4196559461382
13:48 INFO    :   theta_jn = 0.0
13:48 INFO    :   psi = 1.0471975511965976
13:48 INFO    :   phase = 0.0
13:48 INFO    :   geocent_time = 1577491218.0
13:48 INFO    :   ra = 1.0471975511965976
13:48 INFO    :   dec = 1.0471975511965976
13:48 INFO    :   reference_frequency = 20.0
13:48 INFO    :   minimum_frequency = 20.0
13:48 INFO    : Distance marginalisation file /work2/08178/vkapil/frontera/bilby_PE_waveform_systematics/m1_100_m2_90_IMRPhenomXAS_IMRPhenomXAS_npool_1/mtotal190.0_q1.1_z0.2_iota0.0_IMRPhenomXAS_dist_lookup.npz does not exist
13:48 INFO    : Building lookup table for distance marginalisation.
13:49 INFO    : Running for label 'mtotal190.0_q1.1_z0.2_iota0.0_IMRPhenomXAS', output will be saved to '/work2/08178/vkapil/frontera/bilby_PE_waveform_systematics/m1_100_m2_90_IMRPhenomXAS_IMRPhenomXAS_npool_1'
13:49 INFO    : Using lal version 7.1.3
13:49 INFO    : Using lal git version Branch: None;Tag: lal-v7.1.3;Id: fa9914e5d72cc6168463b5fce79eeba8037404ad;;Builder: Adam Mercer <adam.mercer@ligo.org>;Repository status: CLEAN: All modifications committed
13:49 INFO    : Using lalsimulation version 3.0.0
13:49 INFO    : Using lalsimulation git version Branch: None;Tag: lalsimulation-v3.0.0;Id: e8e5ff5aa1ae2676019f59b6785f55284c417fda;;Builder: Adam Mercer <adam.mercer@ligo.org>;Repository status: CLEAN: All modifications committed
13:49 INFO    : Search parameters:
13:49 INFO    :   mass_ratio = PowerLaw(alpha=-2.0, minimum=0.1, maximum=1.0, name='mass_ratio', latex_label='$q$', unit=None, boundary=None)
13:49 INFO    :   total_mass = Uniform(minimum=57.0, maximum=570.0, name='total_mass', latex_label='$M$', unit=None, boundary=None)
13:49 INFO    :   dec = Cosine(minimum=-1.5707963267948966, maximum=1.5707963267948966, name='dec', latex_label='$\\mathrm{DEC}$', unit=None, boundary=None)
13:49 INFO    :   ra = Uniform(minimum=0, maximum=6.283185307179586, name='ra', latex_label='$\\mathrm{RA}$', unit=None, boundary='periodic')
13:49 INFO    :   theta_jn = Sine(minimum=0, maximum=3.141592653589793, name='theta_jn', latex_label='$\\theta_{JN}$', unit=None, boundary=None)
13:49 INFO    :   psi = Uniform(minimum=0, maximum=3.141592653589793, name='psi', latex_label='$\\psi$', unit=None, boundary='periodic')
13:49 INFO    :   delta_phase = Uniform(minimum=0, maximum=6.283185307179586, name='delta_phase', latex_label='delta_phase', unit=None, boundary='periodic')
13:49 INFO    :   chi_1 = Uniform(minimum=0, maximum=0.99, name='chi_1', latex_label='$\\chi_1$', unit=None, boundary=None)
13:49 INFO    :   chi_2 = Uniform(minimum=0, maximum=0.99, name='chi_2', latex_label='$\\chi_2$', unit=None, boundary=None)
13:49 INFO    :   time_jitter = Uniform(minimum=-0.00048828125, maximum=0.00048828125, name='time_jitter', latex_label='$t_j$', unit=None, boundary='periodic')
13:49 INFO    :   luminosity_distance = 3417.166073216123
13:49 INFO    :   geocent_time = 1577491127.0
13:49 INFO    : Single likelihood evaluation took 7.889e-02 s
13:49 INFO    : Using sampler Dynesty with kwargs {'bound': 'multi', 'sample': 'rwalk', 'verbose': True, 'periodic': None, 'reflective': None, 'check_point_delta_t': 1800, 'nlive': 60, 'first_update': None, 'walks': 100, 'npdim': None, 'rstate': None, 'queue_size': 1, 'pool': None, 'use_pool': None, 'live_points': None, 'logl_args': None, 'logl_kwargs': None, 'ptform_args': None, 'ptform_kwargs': None, 'enlarge': 1.5, 'bootstrap': None, 'vol_dec': 0.5, 'vol_check': 8.0, 'facc': 0.2, 'slices': 5, 'update_interval': 36, 'print_func': <bound method Dynesty._print_func of <bilby.core.sampler.dynesty.Dynesty object at 0x2b276992ba90>>, 'dlogz': 0.1, 'maxiter': None, 'maxcall': None, 'logl_max': inf, 'add_live': True, 'print_progress': True, 'save_bounds': False, 'n_effective': None, 'maxmcmc': 500, 'nact': 1, 'print_method': 'tqdm'}
13:49 INFO    : Checkpoint every check_point_delta_t = 600s
13:49 INFO    : Using dynesty version 1.0.1
13:49 INFO    : Using the bilby-implemented rwalk sample method with ACT estimated walks
13:49 INFO    : Resume file /work2/08178/vkapil/frontera/bilby_PE_waveform_systematics/m1_100_m2_90_IMRPhenomXAS_IMRPhenomXAS_npool_1/mtotal190.0_q1.1_z0.2_iota0.0_IMRPhenomXAS_resume.pickle does not exist.
13:49 INFO    : Generating initial points from the prior
14:00 INFO    : Written checkpoint file /work2/08178/vkapil/frontera/bilby_PE_waveform_systematics/m1_100_m2_90_IMRPhenomXAS_IMRPhenomXAS_npool_1/mtotal190.0_q1.1_z0.2_iota0.0_IMRPhenomXAS_resume.pickle
14:00 WARNING : Axis limits cannot be NaN or Inf
14:00 WARNING : Failed to create dynesty run plot at checkpoint
14:11 INFO    : Written checkpoint file /work2/08178/vkapil/frontera/bilby_PE_waveform_systematics/m1_100_m2_90_IMRPhenomXAS_IMRPhenomXAS_npool_1/mtotal190.0_q1.1_z0.2_iota0.0_IMRPhenomXAS_resume.pickle
14:12 WARNING : Axis limits cannot be NaN or Inf
14:12 WARNING : Failed to create dynesty run plot at checkpoint
14:23 INFO    : Written checkpoint file /work2/08178/vkapil/frontera/bilby_PE_waveform_systematics/m1_100_m2_90_IMRPhenomXAS_IMRPhenomXAS_npool_1/mtotal190.0_q1.1_z0.2_iota0.0_IMRPhenomXAS_resume.pickle
14:23 WARNING : Axis limits cannot be NaN or Inf
14:23 WARNING : Failed to create dynesty run plot at checkpoint
14:34 INFO    : Written checkpoint file /work2/08178/vkapil/frontera/bilby_PE_waveform_systematics/m1_100_m2_90_IMRPhenomXAS_IMRPhenomXAS_npool_1/mtotal190.0_q1.1_z0.2_iota0.0_IMRPhenomXAS_resume.pickle
14:34 WARNING : Axis limits cannot be NaN or Inf
14:34 WARNING : Failed to create dynesty run plot at checkpoint
14:46 INFO    : Written checkpoint file /work2/08178/vkapil/frontera/bilby_PE_waveform_systematics/m1_100_m2_90_IMRPhenomXAS_IMRPhenomXAS_npool_1/mtotal190.0_q1.1_z0.2_iota0.0_IMRPhenomXAS_resume.pickle
14:46 WARNING : Axis limits cannot be NaN or Inf
14:46 WARNING : Failed to create dynesty run plot at checkpoint
14:57 INFO    : Written checkpoint file /work2/08178/vkapil/frontera/bilby_PE_waveform_systematics/m1_100_m2_90_IMRPhenomXAS_IMRPhenomXAS_npool_1/mtotal190.0_q1.1_z0.2_iota0.0_IMRPhenomXAS_resume.pickle
14:57 WARNING : Axis limits cannot be NaN or Inf
14:57 WARNING : Failed to create dynesty run plot at checkpoint
15:08 INFO    : Written checkpoint file /work2/08178/vkapil/frontera/bilby_PE_waveform_systematics/m1_100_m2_90_IMRPhenomXAS_IMRPhenomXAS_npool_1/mtotal190.0_q1.1_z0.2_iota0.0_IMRPhenomXAS_resume.pickle
15:08 WARNING : Axis limits cannot be NaN or Inf
15:08 WARNING : Failed to create dynesty run plot at checkpoint
15:20 INFO    : Written checkpoint file /work2/08178/vkapil/frontera/bilby_PE_waveform_systematics/m1_100_m2_90_IMRPhenomXAS_IMRPhenomXAS_npool_1/mtotal190.0_q1.1_z0.2_iota0.0_IMRPhenomXAS_resume.pickle
15:20 WARNING : singular matrix
15:20 WARNING : Failed to create dynesty state plot at checkpoint
15:20 WARNING : singular matrix
15:20 WARNING : Failed to create dynesty unit state plot at checkpoint
15:20 WARNING : singular matrix
15:20 WARNING : Failed to create dynesty run plot at checkpoint
15:31 INFO    : Written checkpoint file /work2/08178/vkapil/frontera/bilby_PE_waveform_systematics/m1_100_m2_90_IMRPhenomXAS_IMRPhenomXAS_npool_1/mtotal190.0_q1.1_z0.2_iota0.0_IMRPhenomXAS_resume.pickle
15:31 WARNING : singular matrix
15:31 WARNING : Failed to create dynesty state plot at checkpoint
15:31 WARNING : singular matrix
15:31 WARNING : Failed to create dynesty unit state plot at checkpoint
15:31 WARNING : singular matrix
15:31 WARNING : Failed to create dynesty run plot at checkpoint
15:44 INFO    : Written checkpoint file /work2/08178/vkapil/frontera/bilby_PE_waveform_systematics/m1_100_m2_90_IMRPhenomXAS_IMRPhenomXAS_npool_1/mtotal190.0_q1.1_z0.2_iota0.0_IMRPhenomXAS_resume.pickle
15:44 WARNING : Axis limits cannot be NaN or Inf
15:44 WARNING : Failed to create dynesty run plot at checkpoint
15:54 INFO    : Written checkpoint file /work2/08178/vkapil/frontera/bilby_PE_waveform_systematics/m1_100_m2_90_IMRPhenomXAS_IMRPhenomXAS_npool_1/mtotal190.0_q1.1_z0.2_iota0.0_IMRPhenomXAS_resume.pickle
15:54 WARNING : Axis limits cannot be NaN or Inf
15:54 WARNING : Failed to create dynesty run plot at checkpoint
16:06 INFO    : Written checkpoint file /work2/08178/vkapil/frontera/bilby_PE_waveform_systematics/m1_100_m2_90_IMRPhenomXAS_IMRPhenomXAS_npool_1/mtotal190.0_q1.1_z0.2_iota0.0_IMRPhenomXAS_resume.pickle
16:06 WARNING : singular matrix
16:06 WARNING : Failed to create dynesty state plot at checkpoint
16:06 WARNING : singular matrix
16:06 WARNING : Failed to create dynesty unit state plot at checkpoint
16:06 WARNING : singular matrix
16:06 WARNING : Failed to create dynesty run plot at checkpoint
16:20 INFO    : Written checkpoint file /work2/08178/vkapil/frontera/bilby_PE_waveform_systematics/m1_100_m2_90_IMRPhenomXAS_IMRPhenomXAS_npool_1/mtotal190.0_q1.1_z0.2_iota0.0_IMRPhenomXAS_resume.pickle
16:21 WARNING : Axis limits cannot be NaN or Inf
16:21 WARNING : Failed to create dynesty run plot at checkpoint
16:32 INFO    : Written checkpoint file /work2/08178/vkapil/frontera/bilby_PE_waveform_systematics/m1_100_m2_90_IMRPhenomXAS_IMRPhenomXAS_npool_1/mtotal190.0_q1.1_z0.2_iota0.0_IMRPhenomXAS_resume.pickle
16:59 WARNING : Axis limits cannot be NaN or Inf
16:59 WARNING : Failed to create dynesty run plot at checkpoint
17:02 INFO    : Written checkpoint file /work2/08178/vkapil/frontera/bilby_PE_waveform_systematics/m1_100_m2_90_IMRPhenomXAS_IMRPhenomXAS_npool_1/mtotal190.0_q1.1_z0.2_iota0.0_IMRPhenomXAS_resume.pickle
17:02 WARNING : Axis limits cannot be NaN or Inf
17:02 WARNING : Failed to create dynesty run plot at checkpoint
17:13 INFO    : Written checkpoint file /work2/08178/vkapil/frontera/bilby_PE_waveform_systematics/m1_100_m2_90_IMRPhenomXAS_IMRPhenomXAS_npool_1/mtotal190.0_q1.1_z0.2_iota0.0_IMRPhenomXAS_resume.pickle
17:14 WARNING : Axis limits cannot be NaN or Inf
17:14 WARNING : Failed to create dynesty run plot at checkpoint
17:24 INFO    : Written checkpoint file /work2/08178/vkapil/frontera/bilby_PE_waveform_systematics/m1_100_m2_90_IMRPhenomXAS_IMRPhenomXAS_npool_1/mtotal190.0_q1.1_z0.2_iota0.0_IMRPhenomXAS_resume.pickle
17:24 WARNING : singular matrix
17:24 WARNING : Failed to create dynesty state plot at checkpoint
17:24 WARNING : singular matrix
17:24 WARNING : Failed to create dynesty unit state plot at checkpoint
17:24 WARNING : singular matrix
17:24 WARNING : Failed to create dynesty run plot at checkpoint
17:34 INFO    : Written checkpoint file /work2/08178/vkapil/frontera/bilby_PE_waveform_systematics/m1_100_m2_90_IMRPhenomXAS_IMRPhenomXAS_npool_1/mtotal190.0_q1.1_z0.2_iota0.0_IMRPhenomXAS_resume.pickle
17:34 WARNING : Axis limits cannot be NaN or Inf
17:34 WARNING : Failed to create dynesty run plot at checkpoint
17:46 INFO    : Written checkpoint file /work2/08178/vkapil/frontera/bilby_PE_waveform_systematics/m1_100_m2_90_IMRPhenomXAS_IMRPhenomXAS_npool_1/mtotal190.0_q1.1_z0.2_iota0.0_IMRPhenomXAS_resume.pickle
17:46 WARNING : Axis limits cannot be NaN or Inf
17:46 WARNING : Failed to create dynesty run plot at checkpoint
17:56 INFO    : Written checkpoint file /work2/08178/vkapil/frontera/bilby_PE_waveform_systematics/m1_100_m2_90_IMRPhenomXAS_IMRPhenomXAS_npool_1/mtotal190.0_q1.1_z0.2_iota0.0_IMRPhenomXAS_resume.pickle
17:56 WARNING : Axis limits cannot be NaN or Inf
17:56 WARNING : Failed to create dynesty run plot at checkpoint
18:07 INFO    : Written checkpoint file /work2/08178/vkapil/frontera/bilby_PE_waveform_systematics/m1_100_m2_90_IMRPhenomXAS_IMRPhenomXAS_npool_1/mtotal190.0_q1.1_z0.2_iota0.0_IMRPhenomXAS_resume.pickle
18:07 WARNING : Axis limits cannot be NaN or Inf
18:07 WARNING : Failed to create dynesty run plot at checkpoint
18:18 INFO    : Written checkpoint file /work2/08178/vkapil/frontera/bilby_PE_waveform_systematics/m1_100_m2_90_IMRPhenomXAS_IMRPhenomXAS_npool_1/mtotal190.0_q1.1_z0.2_iota0.0_IMRPhenomXAS_resume.pickle
18:18 WARNING : Axis limits cannot be NaN or Inf
18:18 WARNING : Failed to create dynesty run plot at checkpoint
18:29 INFO    : Written checkpoint file /work2/08178/vkapil/frontera/bilby_PE_waveform_systematics/m1_100_m2_90_IMRPhenomXAS_IMRPhenomXAS_npool_1/mtotal190.0_q1.1_z0.2_iota0.0_IMRPhenomXAS_resume.pickle
18:29 WARNING : Axis limits cannot be NaN or Inf
18:29 WARNING : Failed to create dynesty run plot at checkpoint
18:40 INFO    : Written checkpoint file /work2/08178/vkapil/frontera/bilby_PE_waveform_systematics/m1_100_m2_90_IMRPhenomXAS_IMRPhenomXAS_npool_1/mtotal190.0_q1.1_z0.2_iota0.0_IMRPhenomXAS_resume.pickle
18:41 WARNING : Axis limits cannot be NaN or Inf
18:41 WARNING : Failed to create dynesty run plot at checkpoint
18:52 INFO    : Written checkpoint file /work2/08178/vkapil/frontera/bilby_PE_waveform_systematics/m1_100_m2_90_IMRPhenomXAS_IMRPhenomXAS_npool_1/mtotal190.0_q1.1_z0.2_iota0.0_IMRPhenomXAS_resume.pickle
18:52 WARNING : Axis limits cannot be NaN or Inf
18:52 WARNING : Failed to create dynesty run plot at checkpoint
19:04 INFO    : Written checkpoint file /work2/08178/vkapil/frontera/bilby_PE_waveform_systematics/m1_100_m2_90_IMRPhenomXAS_IMRPhenomXAS_npool_1/mtotal190.0_q1.1_z0.2_iota0.0_IMRPhenomXAS_resume.pickle
19:04 WARNING : Axis limits cannot be NaN or Inf
19:04 WARNING : Failed to create dynesty run plot at checkpoint
19:16 INFO    : Written checkpoint file /work2/08178/vkapil/frontera/bilby_PE_waveform_systematics/m1_100_m2_90_IMRPhenomXAS_IMRPhenomXAS_npool_1/mtotal190.0_q1.1_z0.2_iota0.0_IMRPhenomXAS_resume.pickle
19:16 WARNING : Axis limits cannot be NaN or Inf
19:16 WARNING : Failed to create dynesty run plot at checkpoint
19:27 INFO    : Written checkpoint file /work2/08178/vkapil/frontera/bilby_PE_waveform_systematics/m1_100_m2_90_IMRPhenomXAS_IMRPhenomXAS_npool_1/mtotal190.0_q1.1_z0.2_iota0.0_IMRPhenomXAS_resume.pickle
19:27 WARNING : Axis limits cannot be NaN or Inf
19:27 WARNING : Failed to create dynesty run plot at checkpoint
19:38 INFO    : Written checkpoint file /work2/08178/vkapil/frontera/bilby_PE_waveform_systematics/m1_100_m2_90_IMRPhenomXAS_IMRPhenomXAS_npool_1/mtotal190.0_q1.1_z0.2_iota0.0_IMRPhenomXAS_resume.pickle
19:38 WARNING : Axis limits cannot be NaN or Inf
19:38 WARNING : Failed to create dynesty run plot at checkpoint
19:50 INFO    : Written checkpoint file /work2/08178/vkapil/frontera/bilby_PE_waveform_systematics/m1_100_m2_90_IMRPhenomXAS_IMRPhenomXAS_npool_1/mtotal190.0_q1.1_z0.2_iota0.0_IMRPhenomXAS_resume.pickle
19:50 WARNING : singular matrix
19:50 WARNING : Failed to create dynesty state plot at checkpoint
19:50 WARNING : singular matrix
19:50 WARNING : Failed to create dynesty unit state plot at checkpoint
19:50 WARNING : singular matrix
19:50 WARNING : Failed to create dynesty run plot at checkpoint
20:00 INFO    : Written checkpoint file /work2/08178/vkapil/frontera/bilby_PE_waveform_systematics/m1_100_m2_90_IMRPhenomXAS_IMRPhenomXAS_npool_1/mtotal190.0_q1.1_z0.2_iota0.0_IMRPhenomXAS_resume.pickle
20:01 WARNING : Axis limits cannot be NaN or Inf
20:01 WARNING : Failed to create dynesty run plot at checkpoint
20:11 INFO    : Written checkpoint file /work2/08178/vkapil/frontera/bilby_PE_waveform_systematics/m1_100_m2_90_IMRPhenomXAS_IMRPhenomXAS_npool_1/mtotal190.0_q1.1_z0.2_iota0.0_IMRPhenomXAS_resume.pickle
20:11 WARNING : Axis limits cannot be NaN or Inf
20:11 WARNING : Failed to create dynesty run plot at checkpoint
20:22 INFO    : Written checkpoint file /work2/08178/vkapil/frontera/bilby_PE_waveform_systematics/m1_100_m2_90_IMRPhenomXAS_IMRPhenomXAS_npool_1/mtotal190.0_q1.1_z0.2_iota0.0_IMRPhenomXAS_resume.pickle
20:22 WARNING : Axis limits cannot be NaN or Inf
20:22 WARNING : Failed to create dynesty run plot at checkpoint
20:33 INFO    : Written checkpoint file /work2/08178/vkapil/frontera/bilby_PE_waveform_systematics/m1_100_m2_90_IMRPhenomXAS_IMRPhenomXAS_npool_1/mtotal190.0_q1.1_z0.2_iota0.0_IMRPhenomXAS_resume.pickle
20:33 WARNING : Axis limits cannot be NaN or Inf
20:33 WARNING : Failed to create dynesty run plot at checkpoint
20:44 INFO    : Written checkpoint file /work2/08178/vkapil/frontera/bilby_PE_waveform_systematics/m1_100_m2_90_IMRPhenomXAS_IMRPhenomXAS_npool_1/mtotal190.0_q1.1_z0.2_iota0.0_IMRPhenomXAS_resume.pickle
20:44 WARNING : Axis limits cannot be NaN or Inf
20:44 WARNING : Failed to create dynesty run plot at checkpoint
20:54 INFO    : Written checkpoint file /work2/08178/vkapil/frontera/bilby_PE_waveform_systematics/m1_100_m2_90_IMRPhenomXAS_IMRPhenomXAS_npool_1/mtotal190.0_q1.1_z0.2_iota0.0_IMRPhenomXAS_resume.pickle
20:54 WARNING : singular matrix
20:54 WARNING : Failed to create dynesty state plot at checkpoint
20:54 WARNING : singular matrix
20:54 WARNING : Failed to create dynesty unit state plot at checkpoint
20:54 WARNING : singular matrix
20:54 WARNING : Failed to create dynesty run plot at checkpoint
21:05 INFO    : Written checkpoint file /work2/08178/vkapil/frontera/bilby_PE_waveform_systematics/m1_100_m2_90_IMRPhenomXAS_IMRPhenomXAS_npool_1/mtotal190.0_q1.1_z0.2_iota0.0_IMRPhenomXAS_resume.pickle
21:05 WARNING : Axis limits cannot be NaN or Inf
21:05 WARNING : Failed to create dynesty run plot at checkpoint
21:16 INFO    : Written checkpoint file /work2/08178/vkapil/frontera/bilby_PE_waveform_systematics/m1_100_m2_90_IMRPhenomXAS_IMRPhenomXAS_npool_1/mtotal190.0_q1.1_z0.2_iota0.0_IMRPhenomXAS_resume.pickle
21:16 WARNING : Axis limits cannot be NaN or Inf
21:16 WARNING : Failed to create dynesty run plot at checkpoint
21:26 INFO    : Written checkpoint file /work2/08178/vkapil/frontera/bilby_PE_waveform_systematics/m1_100_m2_90_IMRPhenomXAS_IMRPhenomXAS_npool_1/mtotal190.0_q1.1_z0.2_iota0.0_IMRPhenomXAS_resume.pickle
21:26 WARNING : Axis limits cannot be NaN or Inf
21:26 WARNING : Failed to create dynesty run plot at checkpoint
21:37 INFO    : Written checkpoint file /work2/08178/vkapil/frontera/bilby_PE_waveform_systematics/m1_100_m2_90_IMRPhenomXAS_IMRPhenomXAS_npool_1/mtotal190.0_q1.1_z0.2_iota0.0_IMRPhenomXAS_resume.pickle
21:37 WARNING : singular matrix
21:37 WARNING : Failed to create dynesty state plot at checkpoint
21:37 WARNING : singular matrix
21:37 WARNING : Failed to create dynesty unit state plot at checkpoint
21:37 WARNING : singular matrix
21:37 WARNING : Failed to create dynesty run plot at checkpoint
21:48 INFO    : Written checkpoint file /work2/08178/vkapil/frontera/bilby_PE_waveform_systematics/m1_100_m2_90_IMRPhenomXAS_IMRPhenomXAS_npool_1/mtotal190.0_q1.1_z0.2_iota0.0_IMRPhenomXAS_resume.pickle
21:48 WARNING : Axis limits cannot be NaN or Inf
21:48 WARNING : Failed to create dynesty run plot at checkpoint
21:58 INFO    : Written checkpoint file /work2/08178/vkapil/frontera/bilby_PE_waveform_systematics/m1_100_m2_90_IMRPhenomXAS_IMRPhenomXAS_npool_1/mtotal190.0_q1.1_z0.2_iota0.0_IMRPhenomXAS_resume.pickle
21:58 WARNING : Axis limits cannot be NaN or Inf
21:58 WARNING : Failed to create dynesty run plot at checkpoint
22:08 INFO    : Written checkpoint file /work2/08178/vkapil/frontera/bilby_PE_waveform_systematics/m1_100_m2_90_IMRPhenomXAS_IMRPhenomXAS_npool_1/mtotal190.0_q1.1_z0.2_iota0.0_IMRPhenomXAS_resume.pickle
22:08 WARNING : singular matrix
22:08 WARNING : Failed to create dynesty state plot at checkpoint
22:08 WARNING : singular matrix
22:08 WARNING : Failed to create dynesty run plot at checkpoint
22:19 INFO    : Written checkpoint file /work2/08178/vkapil/frontera/bilby_PE_waveform_systematics/m1_100_m2_90_IMRPhenomXAS_IMRPhenomXAS_npool_1/mtotal190.0_q1.1_z0.2_iota0.0_IMRPhenomXAS_resume.pickle
22:19 WARNING : Axis limits cannot be NaN or Inf
22:19 WARNING : Failed to create dynesty run plot at checkpoint
22:30 INFO    : Written checkpoint file /work2/08178/vkapil/frontera/bilby_PE_waveform_systematics/m1_100_m2_90_IMRPhenomXAS_IMRPhenomXAS_npool_1/mtotal190.0_q1.1_z0.2_iota0.0_IMRPhenomXAS_resume.pickle
22:30 WARNING : Axis limits cannot be NaN or Inf
22:30 WARNING : Failed to create dynesty run plot at checkpoint
22:41 INFO    : Written checkpoint file /work2/08178/vkapil/frontera/bilby_PE_waveform_systematics/m1_100_m2_90_IMRPhenomXAS_IMRPhenomXAS_npool_1/mtotal190.0_q1.1_z0.2_iota0.0_IMRPhenomXAS_resume.pickle
22:42 WARNING : Axis limits cannot be NaN or Inf
22:42 WARNING : Failed to create dynesty run plot at checkpoint
22:53 INFO    : Written checkpoint file /work2/08178/vkapil/frontera/bilby_PE_waveform_systematics/m1_100_m2_90_IMRPhenomXAS_IMRPhenomXAS_npool_1/mtotal190.0_q1.1_z0.2_iota0.0_IMRPhenomXAS_resume.pickle
22:53 WARNING : singular matrix
22:53 WARNING : Failed to create dynesty state plot at checkpoint
22:53 WARNING : singular matrix
22:53 WARNING : Failed to create dynesty unit state plot at checkpoint
22:53 WARNING : singular matrix
22:53 WARNING : Failed to create dynesty run plot at checkpoint
23:03 INFO    : Written checkpoint file /work2/08178/vkapil/frontera/bilby_PE_waveform_systematics/m1_100_m2_90_IMRPhenomXAS_IMRPhenomXAS_npool_1/mtotal190.0_q1.1_z0.2_iota0.0_IMRPhenomXAS_resume.pickle
23:04 WARNING : Axis limits cannot be NaN or Inf
23:04 WARNING : Failed to create dynesty run plot at checkpoint
23:14 INFO    : Written checkpoint file /work2/08178/vkapil/frontera/bilby_PE_waveform_systematics/m1_100_m2_90_IMRPhenomXAS_IMRPhenomXAS_npool_1/mtotal190.0_q1.1_z0.2_iota0.0_IMRPhenomXAS_resume.pickle
23:14 WARNING : Axis limits cannot be NaN or Inf
23:14 WARNING : Failed to create dynesty run plot at checkpoint
23:24 INFO    : Written checkpoint file /work2/08178/vkapil/frontera/bilby_PE_waveform_systematics/m1_100_m2_90_IMRPhenomXAS_IMRPhenomXAS_npool_1/mtotal190.0_q1.1_z0.2_iota0.0_IMRPhenomXAS_resume.pickle
23:24 WARNING : Axis limits cannot be NaN or Inf
23:24 WARNING : Failed to create dynesty run plot at checkpoint
23:35 INFO    : Written checkpoint file /work2/08178/vkapil/frontera/bilby_PE_waveform_systematics/m1_100_m2_90_IMRPhenomXAS_IMRPhenomXAS_npool_1/mtotal190.0_q1.1_z0.2_iota0.0_IMRPhenomXAS_resume.pickle
23:35 WARNING : Axis limits cannot be NaN or Inf
23:35 WARNING : Failed to create dynesty run plot at checkpoint
23:46 INFO    : Written checkpoint file /work2/08178/vkapil/frontera/bilby_PE_waveform_systematics/m1_100_m2_90_IMRPhenomXAS_IMRPhenomXAS_npool_1/mtotal190.0_q1.1_z0.2_iota0.0_IMRPhenomXAS_resume.pickle
23:46 WARNING : Axis limits cannot be NaN or Inf
23:46 WARNING : Failed to create dynesty run plot at checkpoint
23:56 INFO    : Written checkpoint file /work2/08178/vkapil/frontera/bilby_PE_waveform_systematics/m1_100_m2_90_IMRPhenomXAS_IMRPhenomXAS_npool_1/mtotal190.0_q1.1_z0.2_iota0.0_IMRPhenomXAS_resume.pickle
23:56 WARNING : Axis limits cannot be NaN or Inf
23:56 WARNING : Failed to create dynesty run plot at checkpoint
00:06 INFO    : Written checkpoint file /work2/08178/vkapil/frontera/bilby_PE_waveform_systematics/m1_100_m2_90_IMRPhenomXAS_IMRPhenomXAS_npool_1/mtotal190.0_q1.1_z0.2_iota0.0_IMRPhenomXAS_resume.pickle
00:06 WARNING : Axis limits cannot be NaN or Inf
00:06 WARNING : Failed to create dynesty run plot at checkpoint
00:17 INFO    : Written checkpoint file /work2/08178/vkapil/frontera/bilby_PE_waveform_systematics/m1_100_m2_90_IMRPhenomXAS_IMRPhenomXAS_npool_1/mtotal190.0_q1.1_z0.2_iota0.0_IMRPhenomXAS_resume.pickle
00:17 WARNING : Axis limits cannot be NaN or Inf
00:17 WARNING : Failed to create dynesty run plot at checkpoint
00:27 INFO    : Written checkpoint file /work2/08178/vkapil/frontera/bilby_PE_waveform_systematics/m1_100_m2_90_IMRPhenomXAS_IMRPhenomXAS_npool_1/mtotal190.0_q1.1_z0.2_iota0.0_IMRPhenomXAS_resume.pickle
00:27 WARNING : Axis limits cannot be NaN or Inf
00:27 WARNING : Failed to create dynesty run plot at checkpoint
00:37 INFO    : Written checkpoint file /work2/08178/vkapil/frontera/bilby_PE_waveform_systematics/m1_100_m2_90_IMRPhenomXAS_IMRPhenomXAS_npool_1/mtotal190.0_q1.1_z0.2_iota0.0_IMRPhenomXAS_resume.pickle
00:37 WARNING : Axis limits cannot be NaN or Inf
00:37 WARNING : Failed to create dynesty run plot at checkpoint
00:48 INFO    : Written checkpoint file /work2/08178/vkapil/frontera/bilby_PE_waveform_systematics/m1_100_m2_90_IMRPhenomXAS_IMRPhenomXAS_npool_1/mtotal190.0_q1.1_z0.2_iota0.0_IMRPhenomXAS_resume.pickle
00:48 INFO    : Writing 153 current samples to /work2/08178/vkapil/frontera/bilby_PE_waveform_systematics/m1_100_m2_90_IMRPhenomXAS_IMRPhenomXAS_npool_1/mtotal190.0_q1.1_z0.2_iota0.0_IMRPhenomXAS_samples.dat
00:48 WARNING : Axis limits cannot be NaN or Inf
00:48 WARNING : Failed to create dynesty run plot at checkpoint
00:58 INFO    : Written checkpoint file /work2/08178/vkapil/frontera/bilby_PE_waveform_systematics/m1_100_m2_90_IMRPhenomXAS_IMRPhenomXAS_npool_1/mtotal190.0_q1.1_z0.2_iota0.0_IMRPhenomXAS_resume.pickle
00:58 INFO    : Writing 237 current samples to /work2/08178/vkapil/frontera/bilby_PE_waveform_systematics/m1_100_m2_90_IMRPhenomXAS_IMRPhenomXAS_npool_1/mtotal190.0_q1.1_z0.2_iota0.0_IMRPhenomXAS_samples.dat
00:58 WARNING : Axis limits cannot be NaN or Inf
00:58 WARNING : Failed to create dynesty run plot at checkpoint
01:03 INFO    : Written checkpoint file /work2/08178/vkapil/frontera/bilby_PE_waveform_systematics/m1_100_m2_90_IMRPhenomXAS_IMRPhenomXAS_npool_1/mtotal190.0_q1.1_z0.2_iota0.0_IMRPhenomXAS_resume.pickle
01:03 INFO    : Writing 245 current samples to /work2/08178/vkapil/frontera/bilby_PE_waveform_systematics/m1_100_m2_90_IMRPhenomXAS_IMRPhenomXAS_npool_1/mtotal190.0_q1.1_z0.2_iota0.0_IMRPhenomXAS_samples.dat
01:04 WARNING : Axis limits cannot be NaN or Inf
01:04 WARNING : Failed to create dynesty run plot at checkpoint
01:04 INFO    : Sampling time: 11:14:16.357633
01:04 INFO    : Reconstructing marginalised parameters.
01:16 INFO    : Generating sky frame parameters.
01:16 INFO    : Computing SNRs for every sample.
01:19 INFO    : Summary of results:
nsamples: 3650
ln_noise_evidence: -1895644.075
ln_evidence: 539.188 +/-  1.345
ln_bayes_factor: 1896183.263 +/-  1.345

