13:05 INFO    : Waveform generator initiated with
  frequency_domain_source_model: bilby.gw.source.lal_binary_black_hole
  time_domain_source_model: None
  parameter_conversion: bilby.gw.conversion.convert_to_lal_binary_black_hole_parameters
13:05 INFO    : Waveform generator initiated with
  frequency_domain_source_model: bilby.gw.source.lal_binary_black_hole
  time_domain_source_model: None
  parameter_conversion: bilby.gw.conversion.convert_to_lal_binary_black_hole_parameters
13:05 INFO    : Injected signal in CE:
13:05 INFO    :   optimal SNR = 349.61
13:05 INFO    :   matched filter SNR = 349.61+0.00j
13:05 INFO    :   chirp_mass = 109.64297918960081
13:05 INFO    :   mass_1 = 600.0
13:05 INFO    :   mass_2 = 36.0
13:05 INFO    :   chi_1 = 0.0
13:05 INFO    :   chi_2 = 0.0
13:05 INFO    :   luminosity_distance = 1011.4196559461382
13:05 INFO    :   theta_jn = 0.0
13:05 INFO    :   psi = 1.0471975511965976
13:05 INFO    :   phase = 0.0
13:05 INFO    :   geocent_time = 1577491218.0
13:05 INFO    :   ra = 1.0471975511965976
13:05 INFO    :   dec = 1.0471975511965976
13:05 INFO    :   reference_frequency = 20.0
13:05 INFO    :   minimum_frequency = 20.0
13:05 INFO    : Distance marginalisation file /work2/08178/vkapil/frontera/bilby_PE_waveform_systematics/m1_500_m2_30_IMRPhenomXAS_IMRPhenomXAS_npool_52/mtotal530.0_q16.7_z0.2_iota0.0_IMRPhenomXAS_dist_lookup.npz does not exist
13:05 INFO    : Building lookup table for distance marginalisation.
13:06 INFO    : Running for label 'mtotal530.0_q16.7_z0.2_iota0.0_IMRPhenomXAS', output will be saved to '/work2/08178/vkapil/frontera/bilby_PE_waveform_systematics/m1_500_m2_30_IMRPhenomXAS_IMRPhenomXAS_npool_52'
13:06 INFO    : Using lal version 7.1.3
13:06 INFO    : Using lal git version Branch: None;Tag: lal-v7.1.3;Id: fa9914e5d72cc6168463b5fce79eeba8037404ad;;Builder: Adam Mercer <adam.mercer@ligo.org>;Repository status: CLEAN: All modifications committed
13:06 INFO    : Using lalsimulation version 3.0.0
13:06 INFO    : Using lalsimulation git version Branch: None;Tag: lalsimulation-v3.0.0;Id: e8e5ff5aa1ae2676019f59b6785f55284c417fda;;Builder: Adam Mercer <adam.mercer@ligo.org>;Repository status: CLEAN: All modifications committed
13:06 INFO    : Search parameters:
13:06 INFO    :   mass_ratio = PowerLaw(alpha=-2.0, minimum=0.1, maximum=1.0, name='mass_ratio', latex_label='$q$', unit=None, boundary=None)
13:06 INFO    :   total_mass = Uniform(minimum=159.0, maximum=1590.0, name='total_mass', latex_label='$M$', unit=None, boundary=None)
13:06 INFO    :   dec = Cosine(minimum=-1.5707963267948966, maximum=1.5707963267948966, name='dec', latex_label='$\\mathrm{DEC}$', unit=None, boundary=None)
13:06 INFO    :   ra = Uniform(minimum=0, maximum=6.283185307179586, name='ra', latex_label='$\\mathrm{RA}$', unit=None, boundary='periodic')
13:06 INFO    :   theta_jn = Sine(minimum=0, maximum=3.141592653589793, name='theta_jn', latex_label='$\\theta_{JN}$', unit=None, boundary=None)
13:06 INFO    :   psi = Uniform(minimum=0, maximum=3.141592653589793, name='psi', latex_label='$\\psi$', unit=None, boundary='periodic')
13:06 INFO    :   delta_phase = Uniform(minimum=0, maximum=6.283185307179586, name='delta_phase', latex_label='delta_phase', unit=None, boundary='periodic')
13:06 INFO    :   chi_1 = Uniform(minimum=0, maximum=0.99, name='chi_1', latex_label='$\\chi_1$', unit=None, boundary=None)
13:06 INFO    :   chi_2 = Uniform(minimum=0, maximum=0.99, name='chi_2', latex_label='$\\chi_2$', unit=None, boundary=None)
13:06 INFO    :   time_jitter = Uniform(minimum=-0.00048828125, maximum=0.00048828125, name='time_jitter', latex_label='$t_j$', unit=None, boundary='periodic')
13:06 INFO    :   luminosity_distance = 3417.166073216123
13:06 INFO    :   geocent_time = 1577491187.0
13:06 INFO    : Single likelihood evaluation took 2.652e-02 s
13:06 INFO    : Using sampler Dynesty with kwargs {'bound': 'multi', 'sample': 'rwalk', 'verbose': True, 'periodic': None, 'reflective': None, 'check_point_delta_t': 1800, 'nlive': 60, 'first_update': None, 'walks': 100, 'npdim': None, 'rstate': None, 'queue_size': 52, 'pool': None, 'use_pool': None, 'live_points': None, 'logl_args': None, 'logl_kwargs': None, 'ptform_args': None, 'ptform_kwargs': None, 'enlarge': 1.5, 'bootstrap': None, 'vol_dec': 0.5, 'vol_check': 8.0, 'facc': 0.2, 'slices': 5, 'update_interval': 36, 'print_func': <bound method Dynesty._print_func of <bilby.core.sampler.dynesty.Dynesty object at 0x2b7b06d440d0>>, 'dlogz': 0.1, 'maxiter': None, 'maxcall': None, 'logl_max': inf, 'add_live': True, 'print_progress': True, 'save_bounds': False, 'n_effective': None, 'maxmcmc': 500, 'nact': 1, 'print_method': 'tqdm'}
13:06 INFO    : Checkpoint every check_point_delta_t = 600s
13:06 INFO    : Using dynesty version 1.0.1
13:06 INFO    : Using the bilby-implemented rwalk sample method with ACT estimated walks
13:06 INFO    : Setting up multiproccesing pool with 52 processes.
13:06 INFO    : Resume file /work2/08178/vkapil/frontera/bilby_PE_waveform_systematics/m1_500_m2_30_IMRPhenomXAS_IMRPhenomXAS_npool_52/mtotal530.0_q16.7_z0.2_iota0.0_IMRPhenomXAS_resume.pickle does not exist.
13:06 INFO    : Generating initial points from the prior
13:12 INFO    : Written checkpoint file /work2/08178/vkapil/frontera/bilby_PE_waveform_systematics/m1_500_m2_30_IMRPhenomXAS_IMRPhenomXAS_npool_52/mtotal530.0_q16.7_z0.2_iota0.0_IMRPhenomXAS_resume.pickle
13:12 INFO    : Writing 241 current samples to /work2/08178/vkapil/frontera/bilby_PE_waveform_systematics/m1_500_m2_30_IMRPhenomXAS_IMRPhenomXAS_npool_52/mtotal530.0_q16.7_z0.2_iota0.0_IMRPhenomXAS_samples.dat
13:12 WARNING : Axis limits cannot be NaN or Inf
13:12 WARNING : Failed to create dynesty run plot at checkpoint
13:12 INFO    : Starting to close worker pool.
13:12 INFO    : Finished closing worker pool.
13:12 WARNING : Multiple likelihood matches found between sorted and unsorted samples. Taking the first match.
13:12 WARNING : Multiple likelihood matches found between sorted and unsorted samples. Taking the first match.
13:12 WARNING : Multiple likelihood matches found between sorted and unsorted samples. Taking the first match.
13:12 WARNING : Multiple likelihood matches found between sorted and unsorted samples. Taking the first match.
13:12 WARNING : Multiple likelihood matches found between sorted and unsorted samples. Taking the first match.
13:12 INFO    : Sampling time: 0:06:12.692766
13:12 INFO    : Reconstructing marginalised parameters.
13:12 INFO    : Using a pool with size 52 for nsamples=1413
13:12 INFO    : Generating sky frame parameters.
13:12 INFO    : Computing SNRs for every sample.
13:12 INFO    : Using a pool with size 52 for nsamples=1413
13:12 INFO    : Summary of results:
nsamples: 1413
ln_noise_evidence: -61114.346
ln_evidence: -35.440 +/-  0.768
ln_bayes_factor: 61078.905 +/-  0.768

